2015/09/01 12:27:23 INFO  - jmeter.util.JMeterUtils: Setting Locale to en_US 
2015/09/01 12:27:23 INFO  - jmeter.JMeter: Copyright (c) 1998-2013 The Apache Software Foundation 
2015/09/01 12:27:23 INFO  - jmeter.JMeter: Version 2.10 r1533061 
2015/09/01 12:27:23 INFO  - jmeter.JMeter: java.version=1.7.0_67 
2015/09/01 12:27:23 INFO  - jmeter.JMeter: java.vm.name=Java HotSpot(TM) 64-Bit Server VM 
2015/09/01 12:27:23 INFO  - jmeter.JMeter: os.name=Windows 7 
2015/09/01 12:27:23 INFO  - jmeter.JMeter: os.arch=amd64 
2015/09/01 12:27:23 INFO  - jmeter.JMeter: os.version=6.1 
2015/09/01 12:27:23 INFO  - jmeter.JMeter: file.encoding=Cp1252 
2015/09/01 12:27:23 INFO  - jmeter.JMeter: Default Locale=English (United States) 
2015/09/01 12:27:23 INFO  - jmeter.JMeter: JMeter  Locale=English (United States) 
2015/09/01 12:27:23 INFO  - jmeter.JMeter: JMeterHome=C:\Users\vorozco\Documents\Projects\Riot\Code\Tests\jmeter-test\target\jmeter 
2015/09/01 12:27:23 INFO  - jmeter.JMeter: user.dir  =C:\Users\vorozco\Documents\Projects\Riot\Code\Tests\jmeter-test\target\jmeter\bin 
2015/09/01 12:27:23 INFO  - jmeter.JMeter: PWD       =C:\Users\vorozco\Documents\Projects\Riot\Code\Tests\jmeter-test\target\jmeter\bin 
2015/09/01 12:27:23 INFO  - jmeter.JMeter: IP: 10.100.0.129 Name: vorozco-pc FullName: vorozco-pc.tierconnect.com 
2015/09/01 12:27:23 INFO  - jmeter.services.FileServer: Default base='C:\Users\vorozco\Documents\Projects\Riot\Code\Tests\jmeter-test\target\jmeter\bin' 
2015/09/01 12:27:23 INFO  - jmeter.services.FileServer: Set new base='C:\Users\vorozco\Documents\Projects\Riot\Code\Tests\jmeter-test\src\test\jmeter' 
2015/09/01 12:27:23 INFO  - jmeter.JMeter: Loading file: C:\Users\vorozco\Documents\Projects\Riot\Code\Tests\jmeter-test\src\test\jmeter\Associate.jmx 
2015/09/01 12:27:24 INFO  - jmeter.save.SaveService: Testplan (JMX) version: 2.2. Testlog (JTL) version: 2.2 
2015/09/01 12:27:24 INFO  - jmeter.save.SaveService: Using SaveService properties file encoding UTF-8 
2015/09/01 12:27:24 INFO  - jmeter.save.SaveService: Using SaveService properties version 2.5 
2015/09/01 12:27:24 INFO  - jmeter.save.SaveService: Using SaveService properties file version 1519088 
2015/09/01 12:27:24 INFO  - jmeter.save.SaveService: All converter versions present and correct 
2015/09/01 12:27:24 INFO  - jmeter.protocol.http.sampler.HTTPSamplerBase: No response parsers defined: text/html only will be scanned for embedded resources 
2015/09/01 12:27:24 INFO  - jmeter.engine.StandardJMeterEngine: Listeners will be started after enabling running version 
2015/09/01 12:27:24 INFO  - jmeter.engine.StandardJMeterEngine: To revert to the earlier behaviour, define jmeterengine.startlistenerslater=false 
2015/09/01 12:27:24 INFO  - jmeter.engine.StandardJMeterEngine: Running the test! 
2015/09/01 12:27:24 INFO  - jmeter.samplers.SampleEvent: List of sample_variables: [] 
2015/09/01 12:27:24 INFO  - jmeter.samplers.SampleEvent: List of sample_variables: [] 
2015/09/01 12:27:24 INFO  - jmeter.JMeter: Running test (1441124844804) 
2015/09/01 12:27:24 INFO  - jmeter.engine.StandardJMeterEngine: Starting ThreadGroup: 1 : REST API RIOT-3490 
2015/09/01 12:27:24 INFO  - jmeter.engine.StandardJMeterEngine: Starting 1 threads for group REST API RIOT-3490. 
2015/09/01 12:27:24 INFO  - jmeter.engine.StandardJMeterEngine: Thread will continue on error 
2015/09/01 12:27:24 INFO  - jmeter.threads.ThreadGroup: Starting thread group number 1 threads 1 ramp-up 1 perThread 1000.0 delayedStart=false 
2015/09/01 12:27:24 INFO  - jmeter.threads.JMeterThread: jmeterthread.startearlier=true (see jmeter.properties) 
2015/09/01 12:27:24 INFO  - jmeter.threads.JMeterThread: Running PostProcessors in forward order 
2015/09/01 12:27:24 INFO  - jmeter.threads.ThreadGroup: Started thread group number 1 
2015/09/01 12:27:24 INFO  - jmeter.engine.StandardJMeterEngine: All thread groups have been started 
2015/09/01 12:27:24 INFO  - jmeter.threads.JMeterThread: Thread started: REST API RIOT-3490 1-1 
2015/09/01 12:27:24 INFO  - jmeter.protocol.http.sampler.HTTPHCAbstractImpl: Local host = vorozco-pc 
2015/09/01 12:27:24 INFO  - jmeter.protocol.http.sampler.HTTPHC4Impl: HTTP request retry count = 0 
2015/09/01 12:27:24 INFO  - jmeter.protocol.http.sampler.HTTPHC4Impl: Setting up HTTPS TrustAll scheme 
2015/09/01 12:27:24 INFO  - jmeter.util.JsseSSLManager: Using default SSL protocol: TLS 
2015/09/01 12:27:24 INFO  - jmeter.util.JsseSSLManager: SSL session context: per-thread 
2015/09/01 12:27:25 INFO  - jmeter.samplers.SampleResult: Note: Sample TimeStamps are END times 
2015/09/01 12:27:25 INFO  - jmeter.samplers.SampleResult: sampleresult.default.encoding is set to ISO-8859-1 
2015/09/01 12:27:25 INFO  - jmeter.samplers.SampleResult: sampleresult.useNanoTime=true 
2015/09/01 12:27:25 INFO  - jmeter.samplers.SampleResult: sampleresult.nanoThreadSleep=5000 
2015/09/01 12:27:25 INFO  - jmeter.threads.JMeterThread: Thread finished: REST API RIOT-3490 1-1 
2015/09/01 12:27:25 INFO  - jmeter.engine.StandardJMeterEngine: Notifying test listeners of end of test 
